########### array before sorts ###########
0	0.050000	-0.300000	0.050000	23.250000	n
1	0.050000	23.250000	-0.200000	23.250000	n
2	-0.200000	23.250000	-0.200000	30.400000	n
3	-0.200000	30.400000	18.120000	30.400000	n
4	18.120000	30.400000	21.300000	27.270000	n
5	21.300000	27.270000	21.300000	23.250000	n
6	21.300000	23.250000	21.000000	23.250000	n
7	21.000000	23.250000	21.000000	0.400000	n
8	21.000000	0.400000	12.200000	0.400000	n
9	12.200000	0.400000	12.200000	16.300000	n
10	12.200000	16.300000	10.900000	16.300000	n
11	10.900000	16.300000	10.900000	18.000000	n
12	10.900000	18.000000	9.750000	18.000000	n
13	9.750000	18.000000	9.750000	-0.300000	n
14	9.750000	-0.300000	0.050000	-0.300000	n
Tolerance=0.050000.
*Exact match for i=0 and j=1.
*i point 0.050000	-0.300000	0.050000	23.250000	y
*Exact match for i=1 and j=2.
*i point 0.050000	23.250000	-0.200000	23.250000	y
*Exact match for i=2 and j=3.
*i point -0.200000	23.250000	-0.200000	30.400000	y
*Exact match for i=3 and j=4.
*i point -0.200000	30.400000	18.120000	30.400000	y
*Exact match for i=4 and j=5.
*i point 18.120000	30.400000	21.300000	27.270000	y
*Exact match for i=5 and j=6.
*i point 21.300000	27.270000	21.300000	23.250000	y
*Exact match for i=6 and j=7.
*i point 21.300000	23.250000	21.000000	23.250000	y
*Exact match for i=7 and j=8.
*i point 21.000000	23.250000	21.000000	0.400000	y
*Exact match for i=8 and j=9.
*i point 21.000000	0.400000	12.200000	0.400000	y
*Exact match for i=9 and j=10.
*i point 12.200000	0.400000	12.200000	16.300000	y
*Exact match for i=10 and j=11.
*i point 12.200000	16.300000	10.900000	16.300000	y
*Exact match for i=11 and j=12.
*i point 10.900000	16.300000	10.900000	18.000000	y
*Exact match for i=12 and j=13.
*i point 10.900000	18.000000	9.750000	18.000000	y
*Exact match for i=13 and j=14.
*i point 9.750000	18.000000	9.750000	-0.300000	y
########### array after sorts ###########
0	0.050000	-0.300000	0.050000	23.250000	y
1	0.050000	23.250000	-0.200000	23.250000	y
2	-0.200000	23.250000	-0.200000	30.400000	y
3	-0.200000	30.400000	18.120000	30.400000	y
4	18.120000	30.400000	21.300000	27.270000	y
5	21.300000	27.270000	21.300000	23.250000	y
6	21.300000	23.250000	21.000000	23.250000	y
7	21.000000	23.250000	21.000000	0.400000	y
8	21.000000	0.400000	12.200000	0.400000	y
9	12.200000	0.400000	12.200000	16.300000	y
10	12.200000	16.300000	10.900000	16.300000	y
11	10.900000	16.300000	10.900000	18.000000	y
12	10.900000	18.000000	9.750000	18.000000	y
13	9.750000	18.000000	9.750000	-0.300000	y
14	9.750000	-0.300000	0.050000	-0.300000	y
***************
.BOARD_OUTLINE UNOWNED
1.6
0     0.050000     -0.300000     0
0     0.050000     23.250000     0
0     -0.200000     23.250000     0
0     -0.200000     30.400000     0
0     18.120000     30.400000     0
0     21.300000     27.270000     0
0     21.300000     23.250000     0
0     21.000000     23.250000     0
0     21.000000     0.400000     0
0     12.200000     0.400000     0
0     12.200000     16.300000     0
0     10.900000     16.300000     0
0     10.900000     18.000000     0
0     9.750000     18.000000     0
0     9.750000     -0.300000     0
0     0.050000     -0.300000     0
